
*** Running vivado
    with args -log project_reti_logiche.vds -m64 -product Vivado -mode batch -messageDb vivado.pb -notrace -source project_reti_logiche.tcl



****** Vivado v2022.2 (64-bit)
  **** SW Build 3671981 on Fri Oct 14 05:00:03 MDT 2022
  **** IP Build 3669848 on Fri Oct 14 08:30:02 MDT 2022
    ** Copyright 1986-2022 Xilinx, Inc. All Rights Reserved.

source project_reti_logiche.tcl -notrace
Command: read_checkpoint -auto_incremental -incremental C:/Users/eleon/Documents/universita/RL/Progetto_RL/project/project.srcs/utils_1/imports/synth_1/project_reti_logiche.dcp
INFO: [Vivado 12-5825] Read reference checkpoint from C:/Users/eleon/Documents/universita/RL/Progetto_RL/project/project.srcs/utils_1/imports/synth_1/project_reti_logiche.dcp for incremental synthesis
INFO: [Vivado 12-7989] Please ensure there are no constraint changes
Command: synth_design -top project_reti_logiche -part xc7a200tfbg484-1
Starting synth_design
Attempting to get a license for feature 'Synthesis' and/or device 'xc7a200t'
INFO: [Common 17-349] Got license for feature 'Synthesis' and/or device 'xc7a200t'
INFO: [Device 21-403] Loading part xc7a200tfbg484-1
INFO: [Designutils 20-5440] No compile time benefit to using incremental synthesis; A full resynthesis will be run
INFO: [Designutils 20-4379] Flow is switching to default flow due to incremental criteria not met. If you would like to alter this behaviour and have the flow terminate instead, please set the following parameter config_implementation {autoIncr.Synth.RejectBehavior Terminate}
INFO: [Synth 8-7079] Multithreading enabled for synth_design using a maximum of 2 processes.
INFO: [Synth 8-7078] Launching helper process for spawning children vivado processes
INFO: [Synth 8-7075] Helper process launched with PID 15928
INFO: [Synth 8-11241] undeclared symbol 'REGCCE', assumed default net type 'wire' [C:/Xilinx/Vivado/2022.2/data/verilog/src/unimacro/BRAM_SINGLE_MACRO.v:2170]
---------------------------------------------------------------------------------
Starting RTL Elaboration : Time (s): cpu = 00:00:03 ; elapsed = 00:00:04 . Memory (MB): peak = 1247.008 ; gain = 408.957
---------------------------------------------------------------------------------
INFO: [Synth 8-638] synthesizing module 'project_reti_logiche' [C:/Users/eleon/Documents/universita/RL/Progetto_RL/VisualStudio/progetto_cabai.vhd:23]
INFO: [Synth 8-3491] module 'sipo' declared at 'C:/Users/eleon/Documents/universita/RL/Progetto_RL/VisualStudio/progetto_cabai.vhd:289' bound to instance 'sipo_map' of component 'sipo' [C:/Users/eleon/Documents/universita/RL/Progetto_RL/VisualStudio/progetto_cabai.vhd:73]
INFO: [Synth 8-638] synthesizing module 'sipo' [C:/Users/eleon/Documents/universita/RL/Progetto_RL/VisualStudio/progetto_cabai.vhd:301]
INFO: [Synth 8-256] done synthesizing module 'sipo' (0#1) [C:/Users/eleon/Documents/universita/RL/Progetto_RL/VisualStudio/progetto_cabai.vhd:301]
INFO: [Synth 8-3491] module 'choose_reg' declared at 'C:/Users/eleon/Documents/universita/RL/Progetto_RL/VisualStudio/progetto_cabai.vhd:248' bound to instance 'reg_map' of component 'choose_reg' [C:/Users/eleon/Documents/universita/RL/Progetto_RL/VisualStudio/progetto_cabai.vhd:83]
INFO: [Synth 8-638] synthesizing module 'choose_reg' [C:/Users/eleon/Documents/universita/RL/Progetto_RL/VisualStudio/progetto_cabai.vhd:260]
INFO: [Synth 8-256] done synthesizing module 'choose_reg' (0#1) [C:/Users/eleon/Documents/universita/RL/Progetto_RL/VisualStudio/progetto_cabai.vhd:260]
INFO: [Synth 8-3491] module 'demux' declared at 'C:/Users/eleon/Documents/universita/RL/Progetto_RL/VisualStudio/progetto_cabai.vhd:176' bound to instance 'demux_map' of component 'demux' [C:/Users/eleon/Documents/universita/RL/Progetto_RL/VisualStudio/progetto_cabai.vhd:93]
INFO: [Synth 8-638] synthesizing module 'demux' [C:/Users/eleon/Documents/universita/RL/Progetto_RL/VisualStudio/progetto_cabai.vhd:191]
WARNING: [Synth 8-614] signal 'reg_out' is read in the process but is not in the sensitivity list [C:/Users/eleon/Documents/universita/RL/Progetto_RL/VisualStudio/progetto_cabai.vhd:199]
WARNING: [Synth 8-614] signal 'r0' is read in the process but is not in the sensitivity list [C:/Users/eleon/Documents/universita/RL/Progetto_RL/VisualStudio/progetto_cabai.vhd:229]
WARNING: [Synth 8-614] signal 'r1' is read in the process but is not in the sensitivity list [C:/Users/eleon/Documents/universita/RL/Progetto_RL/VisualStudio/progetto_cabai.vhd:229]
WARNING: [Synth 8-614] signal 'r2' is read in the process but is not in the sensitivity list [C:/Users/eleon/Documents/universita/RL/Progetto_RL/VisualStudio/progetto_cabai.vhd:229]
WARNING: [Synth 8-614] signal 'r3' is read in the process but is not in the sensitivity list [C:/Users/eleon/Documents/universita/RL/Progetto_RL/VisualStudio/progetto_cabai.vhd:229]
INFO: [Synth 8-256] done synthesizing module 'demux' (0#1) [C:/Users/eleon/Documents/universita/RL/Progetto_RL/VisualStudio/progetto_cabai.vhd:191]
INFO: [Synth 8-256] done synthesizing module 'project_reti_logiche' (0#1) [C:/Users/eleon/Documents/universita/RL/Progetto_RL/VisualStudio/progetto_cabai.vhd:23]
WARNING: [Synth 8-3917] design project_reti_logiche has port o_mem_we driven by constant 0
---------------------------------------------------------------------------------
Finished RTL Elaboration : Time (s): cpu = 00:00:04 ; elapsed = 00:00:06 . Memory (MB): peak = 1338.621 ; gain = 500.570
---------------------------------------------------------------------------------
---------------------------------------------------------------------------------
Start Handling Custom Attributes
---------------------------------------------------------------------------------
---------------------------------------------------------------------------------
Finished Handling Custom Attributes : Time (s): cpu = 00:00:04 ; elapsed = 00:00:06 . Memory (MB): peak = 1338.621 ; gain = 500.570
---------------------------------------------------------------------------------
---------------------------------------------------------------------------------
Finished RTL Optimization Phase 1 : Time (s): cpu = 00:00:04 ; elapsed = 00:00:06 . Memory (MB): peak = 1338.621 ; gain = 500.570
---------------------------------------------------------------------------------
Netlist sorting complete. Time (s): cpu = 00:00:00 ; elapsed = 00:00:00.001 . Memory (MB): peak = 1338.621 ; gain = 0.000
INFO: [Project 1-570] Preparing netlist for logic optimization

Processing XDC Constraints
Initializing timing engine
Parsing XDC File [C:/Users/eleon/Documents/universita/RL/Progetto_RL/project/project.srcs/constrs_1/new/clock.xdc]
Finished Parsing XDC File [C:/Users/eleon/Documents/universita/RL/Progetto_RL/project/project.srcs/constrs_1/new/clock.xdc]
Completed Processing XDC Constraints

Netlist sorting complete. Time (s): cpu = 00:00:00 ; elapsed = 00:00:00 . Memory (MB): peak = 1401.500 ; gain = 0.000
INFO: [Project 1-111] Unisim Transformation Summary:
No Unisim elements were transformed.

Constraint Validation Runtime : Time (s): cpu = 00:00:00 ; elapsed = 00:00:00.004 . Memory (MB): peak = 1401.500 ; gain = 0.000
INFO: [Designutils 20-5440] No compile time benefit to using incremental synthesis; A full resynthesis will be run
INFO: [Designutils 20-4379] Flow is switching to default flow due to incremental criteria not met. If you would like to alter this behaviour and have the flow terminate instead, please set the following parameter config_implementation {autoIncr.Synth.RejectBehavior Terminate}
INFO: [Synth 8-11241] undeclared symbol 'REGCCE', assumed default net type 'wire' [C:/Xilinx/Vivado/2022.2/data/verilog/src/unimacro/BRAM_SINGLE_MACRO.v:2170]
---------------------------------------------------------------------------------
Finished Constraint Validation : Time (s): cpu = 00:00:08 ; elapsed = 00:00:13 . Memory (MB): peak = 1401.500 ; gain = 563.449
---------------------------------------------------------------------------------
---------------------------------------------------------------------------------
Start Loading Part and Timing Information
---------------------------------------------------------------------------------
Loading part: xc7a200tfbg484-1
---------------------------------------------------------------------------------
Finished Loading Part and Timing Information : Time (s): cpu = 00:00:08 ; elapsed = 00:00:13 . Memory (MB): peak = 1401.500 ; gain = 563.449
---------------------------------------------------------------------------------
---------------------------------------------------------------------------------
Start Applying 'set_property' XDC Constraints
---------------------------------------------------------------------------------
---------------------------------------------------------------------------------
Finished applying 'set_property' XDC Constraints : Time (s): cpu = 00:00:08 ; elapsed = 00:00:13 . Memory (MB): peak = 1401.500 ; gain = 563.449
---------------------------------------------------------------------------------
INFO: [Synth 8-802] inferred FSM for state register 'curr_state_reg' in module 'project_reti_logiche'
WARNING: [Synth 8-327] inferring latch for variable 'r0_reg' [C:/Users/eleon/Documents/universita/RL/Progetto_RL/VisualStudio/progetto_cabai.vhd:209]
WARNING: [Synth 8-327] inferring latch for variable 'r1_reg' [C:/Users/eleon/Documents/universita/RL/Progetto_RL/VisualStudio/progetto_cabai.vhd:210]
WARNING: [Synth 8-327] inferring latch for variable 'r2_reg' [C:/Users/eleon/Documents/universita/RL/Progetto_RL/VisualStudio/progetto_cabai.vhd:211]
WARNING: [Synth 8-327] inferring latch for variable 'r3_reg' [C:/Users/eleon/Documents/universita/RL/Progetto_RL/VisualStudio/progetto_cabai.vhd:212]
WARNING: [Synth 8-327] inferring latch for variable 'reg_reg' [C:/Users/eleon/Documents/universita/RL/Progetto_RL/VisualStudio/progetto_cabai.vhd:202]
WARNING: [Synth 8-327] inferring latch for variable 'out_en_reg' [C:/Users/eleon/Documents/universita/RL/Progetto_RL/VisualStudio/progetto_cabai.vhd:96]
---------------------------------------------------------------------------------------------------
                   State |                     New Encoding |                Previous Encoding 
---------------------------------------------------------------------------------------------------
                      s0 |                              000 |                              000
                      s1 |                              001 |                              001
                      s2 |                              010 |                              010
                      s3 |                              011 |                              011
                      s4 |                              100 |                              100
                      s5 |                              101 |                              101
---------------------------------------------------------------------------------------------------
INFO: [Synth 8-3354] encoded FSM with state register 'curr_state_reg' using encoding 'sequential' in module 'project_reti_logiche'
WARNING: [Synth 8-327] inferring latch for variable 'o_mem_en_reg' [C:/Users/eleon/Documents/universita/RL/Progetto_RL/VisualStudio/progetto_cabai.vhd:149]
WARNING: [Synth 8-327] inferring latch for variable 'reset_w_reg' [C:/Users/eleon/Documents/universita/RL/Progetto_RL/VisualStudio/progetto_cabai.vhd:75]
---------------------------------------------------------------------------------
Finished RTL Optimization Phase 2 : Time (s): cpu = 00:00:08 ; elapsed = 00:00:13 . Memory (MB): peak = 1401.500 ; gain = 563.449
---------------------------------------------------------------------------------
---------------------------------------------------------------------------------
Start RTL Component Statistics 
---------------------------------------------------------------------------------
Detailed RTL Component Info : 
+---Registers : 
	               16 Bit    Registers := 2     
	                2 Bit    Registers := 2     
	                1 Bit    Registers := 1     
+---Muxes : 
	   2 Input    8 Bit        Muxes := 4     
	   6 Input    3 Bit        Muxes := 1     
	   2 Input    3 Bit        Muxes := 1     
	   4 Input    2 Bit        Muxes := 1     
	   2 Input    2 Bit        Muxes := 2     
	   2 Input    1 Bit        Muxes := 6     
	   4 Input    1 Bit        Muxes := 1     
	   5 Input    1 Bit        Muxes := 1     
	   6 Input    1 Bit        Muxes := 7     
---------------------------------------------------------------------------------
Finished RTL Component Statistics 
---------------------------------------------------------------------------------
---------------------------------------------------------------------------------
Start Part Resource Summary
---------------------------------------------------------------------------------
Part Resources:
DSPs: 740 (col length:100)
BRAMs: 730 (col length: RAMB18 100 RAMB36 50)
---------------------------------------------------------------------------------
Finished Part Resource Summary
---------------------------------------------------------------------------------
---------------------------------------------------------------------------------
Start Cross Boundary and Area Optimization
---------------------------------------------------------------------------------
WARNING: [Synth 8-7080] Parallel synthesis criteria is not met
WARNING: [Synth 8-3917] design project_reti_logiche has port o_mem_we driven by constant 0
---------------------------------------------------------------------------------
Finished Cross Boundary and Area Optimization : Time (s): cpu = 00:00:09 ; elapsed = 00:00:14 . Memory (MB): peak = 1401.500 ; gain = 563.449
---------------------------------------------------------------------------------
---------------------------------------------------------------------------------
Start Applying XDC Timing Constraints
---------------------------------------------------------------------------------
---------------------------------------------------------------------------------
Finished Applying XDC Timing Constraints : Time (s): cpu = 00:00:12 ; elapsed = 00:00:19 . Memory (MB): peak = 1401.500 ; gain = 563.449
---------------------------------------------------------------------------------
---------------------------------------------------------------------------------
Start Timing Optimization
---------------------------------------------------------------------------------
---------------------------------------------------------------------------------
Finished Timing Optimization : Time (s): cpu = 00:00:12 ; elapsed = 00:00:19 . Memory (MB): peak = 1401.500 ; gain = 563.449
---------------------------------------------------------------------------------
---------------------------------------------------------------------------------
Start Technology Mapping
---------------------------------------------------------------------------------
---------------------------------------------------------------------------------
Finished Technology Mapping : Time (s): cpu = 00:00:12 ; elapsed = 00:00:19 . Memory (MB): peak = 1401.500 ; gain = 563.449
---------------------------------------------------------------------------------
---------------------------------------------------------------------------------
Start IO Insertion
---------------------------------------------------------------------------------
---------------------------------------------------------------------------------
Start Flattening Before IO Insertion
---------------------------------------------------------------------------------
---------------------------------------------------------------------------------
Finished Flattening Before IO Insertion
---------------------------------------------------------------------------------
---------------------------------------------------------------------------------
Start Final Netlist Cleanup
---------------------------------------------------------------------------------
---------------------------------------------------------------------------------
Finished Final Netlist Cleanup
---------------------------------------------------------------------------------
---------------------------------------------------------------------------------
Finished IO Insertion : Time (s): cpu = 00:00:14 ; elapsed = 00:00:23 . Memory (MB): peak = 1401.500 ; gain = 563.449
---------------------------------------------------------------------------------
---------------------------------------------------------------------------------
Start Renaming Generated Instances
---------------------------------------------------------------------------------
---------------------------------------------------------------------------------
Finished Renaming Generated Instances : Time (s): cpu = 00:00:14 ; elapsed = 00:00:23 . Memory (MB): peak = 1401.500 ; gain = 563.449
---------------------------------------------------------------------------------
---------------------------------------------------------------------------------
Start Rebuilding User Hierarchy
---------------------------------------------------------------------------------
---------------------------------------------------------------------------------
Finished Rebuilding User Hierarchy : Time (s): cpu = 00:00:14 ; elapsed = 00:00:23 . Memory (MB): peak = 1401.500 ; gain = 563.449
---------------------------------------------------------------------------------
---------------------------------------------------------------------------------
Start Renaming Generated Ports
---------------------------------------------------------------------------------
---------------------------------------------------------------------------------
Finished Renaming Generated Ports : Time (s): cpu = 00:00:14 ; elapsed = 00:00:23 . Memory (MB): peak = 1401.500 ; gain = 563.449
---------------------------------------------------------------------------------
---------------------------------------------------------------------------------
Start Handling Custom Attributes
---------------------------------------------------------------------------------
---------------------------------------------------------------------------------
Finished Handling Custom Attributes : Time (s): cpu = 00:00:14 ; elapsed = 00:00:23 . Memory (MB): peak = 1401.500 ; gain = 563.449
---------------------------------------------------------------------------------
---------------------------------------------------------------------------------
Start Renaming Generated Nets
---------------------------------------------------------------------------------
---------------------------------------------------------------------------------
Finished Renaming Generated Nets : Time (s): cpu = 00:00:14 ; elapsed = 00:00:23 . Memory (MB): peak = 1401.500 ; gain = 563.449
---------------------------------------------------------------------------------
---------------------------------------------------------------------------------
Start Writing Synthesis Report
---------------------------------------------------------------------------------

Report BlackBoxes: 
+-+--------------+----------+
| |BlackBox name |Instances |
+-+--------------+----------+
+-+--------------+----------+

Report Cell Usage: 
+------+-----+------+
|      |Cell |Count |
+------+-----+------+
|1     |BUFG |     1|
|2     |LUT2 |    37|
|3     |LUT3 |    10|
|4     |LUT4 |     6|
|5     |FDCE |    40|
|6     |LD   |     5|
|7     |LDC  |    32|
|8     |IBUF |    12|
|9     |OBUF |    51|
+------+-----+------+
---------------------------------------------------------------------------------
Finished Writing Synthesis Report : Time (s): cpu = 00:00:14 ; elapsed = 00:00:23 . Memory (MB): peak = 1401.500 ; gain = 563.449
---------------------------------------------------------------------------------
Synthesis finished with 0 errors, 0 critical warnings and 10 warnings.
Synthesis Optimization Runtime : Time (s): cpu = 00:00:09 ; elapsed = 00:00:21 . Memory (MB): peak = 1401.500 ; gain = 500.570
Synthesis Optimization Complete : Time (s): cpu = 00:00:14 ; elapsed = 00:00:23 . Memory (MB): peak = 1401.500 ; gain = 563.449
INFO: [Project 1-571] Translating synthesized netlist
Netlist sorting complete. Time (s): cpu = 00:00:00 ; elapsed = 00:00:00.001 . Memory (MB): peak = 1401.500 ; gain = 0.000
INFO: [Netlist 29-17] Analyzing 37 Unisim elements for replacement
INFO: [Netlist 29-28] Unisim Transformation completed in 0 CPU seconds
INFO: [Project 1-570] Preparing netlist for logic optimization
INFO: [Opt 31-138] Pushed 0 inverter(s) to 0 load pin(s).
Netlist sorting complete. Time (s): cpu = 00:00:00 ; elapsed = 00:00:00 . Memory (MB): peak = 1401.500 ; gain = 0.000
INFO: [Project 1-111] Unisim Transformation Summary:
  A total of 37 instances were transformed.
  LD => LDCE: 5 instances
  LDC => LDCE: 32 instances

Synth Design complete, checksum: b557ca1d
INFO: [Common 17-83] Releasing license: Synthesis
35 Infos, 16 Warnings, 0 Critical Warnings and 0 Errors encountered.
synth_design completed successfully
synth_design: Time (s): cpu = 00:00:18 ; elapsed = 00:00:27 . Memory (MB): peak = 1401.500 ; gain = 995.480
INFO: [Common 17-1381] The checkpoint 'C:/Users/eleon/Documents/universita/RL/Progetto_RL/project/project.runs/synth_1/project_reti_logiche.dcp' has been generated.
INFO: [runtcl-4] Executing : report_utilization -file project_reti_logiche_utilization_synth.rpt -pb project_reti_logiche_utilization_synth.pb
INFO: [Common 17-206] Exiting Vivado at Tue Feb 28 18:44:38 2023...
