Vivado Simulator v2022.2
Copyright 1986-1999, 2001-2022 Xilinx, Inc. All Rights Reserved.
Running: C:/Xilinx/Vivado/2022.2/bin/unwrapped/win64.o/xelab.exe --incr --debug typical --relax --mt 2 -L xil_defaultlib -L secureip --snapshot testRandRes_behav xil_defaultlib.testRandRes -log elaborate.log 
Using 2 slave threads.
Starting static elaboration
Completed static elaboration
Starting simulation data flow analysis
Completed simulation data flow analysis
Time Resolution for simulation is 1ps
Compiling package std.standard
Compiling package std.textio
Compiling package ieee.std_logic_1164
Compiling package ieee.std_logic_arith
Compiling package ieee.std_logic_unsigned
Compiling architecture behavioural of entity xil_defaultlib.sipo [sipo_default]
Compiling architecture behavioural of entity xil_defaultlib.choose_reg [choose_reg_default]
Compiling architecture behavioural of entity xil_defaultlib.demux [demux_default]
Compiling architecture project_reti_logiche_arc of entity xil_defaultlib.project_reti_logiche [project_reti_logiche_default]
Compiling architecture testrandresar of entity xil_defaultlib.testrandres
Built simulation snapshot testRandRes_behav
